<?xml version="1.0" encoding="UTF-8"?>
<!-- Generated by org.testng.reporters.JUnitReportReporter -->
<testsuite skipped="0" hostname="DESKTOP-4A3OPJ8" name="com.proquest.basics.TitlesToTextFile" tests="1" failures="0" timestamp="04 Mar 2020 03:29:58 GMT" time="15.410" errors="0">
  <testcase name="textfile" time="15.410" classname="com.proquest.basics.TitlesToTextFile"/>
</testsuite> <!-- com.proquest.basics.TitlesToTextFile -->
