<?xml version="1.0" encoding="UTF-8"?>
<!-- Generated by org.testng.reporters.JUnitReportReporter -->
<testsuite skipped="0" hostname="DESKTOP-4A3OPJ8" name="com.proquest.basics.TitlesToTextFile" tests="1" failures="0" timestamp="04 Mar 2020 06:07:03 GMT" time="29.822" errors="0">
  <testcase name="textfile" time="29.822" classname="com.proquest.basics.TitlesToTextFile"/>
</testsuite> <!-- com.proquest.basics.TitlesToTextFile -->
