<?xml version="1.0" encoding="UTF-8"?>
<!-- Generated by org.testng.reporters.JUnitReportReporter -->
<testsuite skipped="0" hostname="DESKTOP-4A3OPJ8" name="com.proquest.basics.Screenshot" tests="1" failures="0" timestamp="04 Mar 2020 04:18:47 GMT" time="21.846" errors="1">
  <testcase name="ss" time="21.846" classname="com.proquest.basics.Screenshot">
    <error type="java.lang.Error" message="Unresolved compilation problem: 
	FileUtils cannot be resolved
">
      <![CDATA[java.lang.Error: Unresolved compilation problem: 
FileUtils cannot be resolved

at com.proquest.basics.ITest.onTestSuccess(ITest.java:29)
at org.testng.internal.TestListenerHelper.runTestListeners(TestListenerHelper.java:70)
at org.testng.internal.Invoker.runTestListeners(Invoker.java:1388)
at org.testng.internal.Invoker.invokeMethod(Invoker.java:633)
at org.testng.internal.Invoker.invokeTestMethod(Invoker.java:716)
at org.testng.internal.Invoker.invokeTestMethods(Invoker.java:988)
at org.testng.internal.TestMethodWorker.invokeTestMethods(TestMethodWorker.java:125)
at org.testng.internal.TestMethodWorker.run(TestMethodWorker.java:109)
at org.testng.TestRunner.privateRun(TestRunner.java:648)
at org.testng.TestRunner.run(TestRunner.java:505)
at org.testng.SuiteRunner.runTest(SuiteRunner.java:455)
at org.testng.SuiteRunner.runSequentially(SuiteRunner.java:450)
at org.testng.SuiteRunner.privateRun(SuiteRunner.java:415)
at org.testng.SuiteRunner.run(SuiteRunner.java:364)
at org.testng.SuiteRunnerWorker.runSuite(SuiteRunnerWorker.java:52)
at org.testng.SuiteRunnerWorker.run(SuiteRunnerWorker.java:84)
at org.testng.TestNG.runSuitesSequentially(TestNG.java:1208)
at org.testng.TestNG.runSuitesLocally(TestNG.java:1137)
at org.testng.TestNG.runSuites(TestNG.java:1049)
at org.testng.TestNG.run(TestNG.java:1017)
at org.testng.remote.AbstractRemoteTestNG.run(AbstractRemoteTestNG.java:114)
at org.testng.remote.RemoteTestNG.initAndRun(RemoteTestNG.java:251)
at org.testng.remote.RemoteTestNG.main(RemoteTestNG.java:77)
]]>
    </error>
  </testcase> <!-- ss -->
</testsuite> <!-- com.proquest.basics.Screenshot -->
