<?xml version="1.0" encoding="UTF-8"?>
<!-- Generated by org.testng.reporters.JUnitReportReporter -->
<testsuite skipped="0" hostname="DESKTOP-4A3OPJ8" name="com.proquest.basics.Screenshot" tests="1" failures="0" timestamp="04 Mar 2020 03:30:32 GMT" time="20.395" errors="0">
  <testcase name="ss" time="20.395" classname="com.proquest.basics.Screenshot"/>
</testsuite> <!-- com.proquest.basics.Screenshot -->
